app/build/intermediates/manifest_merge_blame_file/debug/manifest-merger-blame-debug-report.txt
1<?xml version="1.0" encoding="utf-8"?>
2<manifest xmlns:android="http://schemas.android.com/apk/res/android"
3    package="com.tcn.sdk.springdemo"
4    android:versionCode="1"
5    android:versionName="1.0" >
6
7    <uses-sdk
8        android:minSdkVersion="16"
8-->src\main\AndroidManifest.xml
9        android:targetSdkVersion="26" />
9-->src\main\AndroidManifest.xml
10
11    <uses-permission android:name="android.permission.ACCESS_WIFI_STATE" />
11-->src\main\AndroidManifest.xml:5:5-76
11-->src\main\AndroidManifest.xml:5:22-73
12    <uses-permission android:name="android.permission.CHANGE_WIFI_STATE" />
12-->src\main\AndroidManifest.xml:6:5-76
12-->src\main\AndroidManifest.xml:6:22-73
13    <uses-permission android:name="android.permission.WAKE_LOCK" />
13-->src\main\AndroidManifest.xml:7:5-68
13-->src\main\AndroidManifest.xml:7:22-65
14
15    <!-- 添加访问手机位置的权限 Add access to phone location -->
16    <uses-permission android:name="android.permission.ACCESS_COARSE_LOCATION" />
16-->src\main\AndroidManifest.xml:10:5-80
16-->src\main\AndroidManifest.xml:10:22-78
17    <!-- 添加访问手机状态的权限  Add access to phone status -->
18    <uses-permission android:name="android.permission.READ_PHONE_STATE" />
18-->src\main\AndroidManifest.xml:12:5-74
18-->src\main\AndroidManifest.xml:12:22-72
19    <uses-permission android:name="android.permission.CHANGE_NETWORK_STATE" />
19-->src\main\AndroidManifest.xml:14:5-79
19-->src\main\AndroidManifest.xml:14:22-76
20    <uses-permission android:name="android.permission.INTERNET" />
20-->src\main\AndroidManifest.xml:16:5-67
20-->src\main\AndroidManifest.xml:16:22-64
21    <uses-permission android:name="android.permission.RECEIVE_BOOT_COMPLETED" />
21-->src\main\AndroidManifest.xml:17:5-81
21-->src\main\AndroidManifest.xml:17:22-78
22    <uses-permission android:name="android.permission.RESTART_PACKAGES" />
22-->src\main\AndroidManifest.xml:18:5-75
22-->src\main\AndroidManifest.xml:18:22-72
23    <uses-permission android:name="android.permission.WRITE_EXTERNAL_STORAGE" />
23-->src\main\AndroidManifest.xml:19:5-81
23-->src\main\AndroidManifest.xml:19:22-78
24    <uses-permission android:name="android.permission.READ_EXTERNAL_STORAGE" />
24-->src\main\AndroidManifest.xml:20:5-79
24-->src\main\AndroidManifest.xml:20:22-77
25    <uses-permission android:name="android.permission.ACCESS_NETWORK_STATE" />
25-->src\main\AndroidManifest.xml:21:5-79
25-->src\main\AndroidManifest.xml:21:22-76
26
27    <!-- 允许CWJ账户组访问底层信息  Allow CWJ account groups to access underlying information -->
28    <uses-permission android:name="android.permission.CWJ_GROUP" >
28-->src\main\AndroidManifest.xml:24:5-25:23
28-->src\main\AndroidManifest.xml:24:22-65
29    </uses-permission>
30
31    <!-- 允许mTweak用户访问高级系统权限  Allow mTweak users to access advanced system permissions -->
32    <uses-permission android:name="android.permission.MTWEAK_USER" />
32-->src\main\AndroidManifest.xml:28:5-70
32-->src\main\AndroidManifest.xml:28:22-67
33
34    <!-- 允许声波支付权限  Allow Sonic payment permissions -->
35    <uses-permission android:name="android.permission.RECORD_AUDIO" />
35-->src\main\AndroidManifest.xml:31:5-70
35-->src\main\AndroidManifest.xml:31:22-68
36    <uses-permission android:name="android.permission.MODIFY_AUDIO_SETTINGS" />
36-->src\main\AndroidManifest.xml:32:5-80
36-->src\main\AndroidManifest.xml:32:22-77
37    <uses-permission android:name="android.permission.GET_TASKS" />
37-->src\main\AndroidManifest.xml:34:5-68
37-->src\main\AndroidManifest.xml:34:22-65
38    <uses-permission android:name="android.permission.SYSTEM_ALERT_WINDOW" />
38-->src\main\AndroidManifest.xml:35:5-78
38-->src\main\AndroidManifest.xml:35:22-75
39
40    <application
40-->src\main\AndroidManifest.xml:38:5-90:19
41        android:name="controller.VendApplication"
41-->src\main\AndroidManifest.xml:39:9-50
42        android:allowBackup="true"
42-->src\main\AndroidManifest.xml:40:9-35
43        android:debuggable="true"
44        android:label="@string/app_name"
44-->src\main\AndroidManifest.xml:41:9-41
45        android:supportsRtl="true"
45-->src\main\AndroidManifest.xml:42:9-35
46        android:testOnly="true"
47        android:theme="@style/Theme.AppCompat.Light.NoActionBar" >
47-->src\main\AndroidManifest.xml:43:9-65
48        <activity android:name="com.tcn.sdk.springdemo.presentation.ComposeActivity" >
48-->src\main\AndroidManifest.xml:44:9-50:20
48-->src\main\AndroidManifest.xml:44:19-63
49            <intent-filter>
49-->src\main\AndroidManifest.xml:45:13-49:29
50                <action android:name="android.intent.action.MAIN" />
50-->src\main\AndroidManifest.xml:46:17-68
50-->src\main\AndroidManifest.xml:46:25-66
51
52                <category android:name="android.intent.category.LAUNCHER" />
52-->src\main\AndroidManifest.xml:48:17-76
52-->src\main\AndroidManifest.xml:48:27-74
53            </intent-filter>
54        </activity>
55        <activity
55-->src\main\AndroidManifest.xml:52:9-55:15
56            android:name="com.tcn.sdk.springdemo.presentation.MenuActivity"
56-->src\main\AndroidManifest.xml:53:13-54
57            android:configChanges="locale|keyboardHidden|orientation" />
57-->src\main\AndroidManifest.xml:54:13-70
58        <activity
58-->src\main\AndroidManifest.xml:57:9-60:46
59            android:name="com.tcn.sdk.springdemo.presentation.MenuSettingsLatticeActivity"
59-->src\main\AndroidManifest.xml:58:13-69
60            android:configChanges="locale|keyboardHidden|orientation"
60-->src\main\AndroidManifest.xml:59:13-70
61            android:launchMode="singleTask" />
61-->src\main\AndroidManifest.xml:60:13-44
62        <activity
62-->src\main\AndroidManifest.xml:62:9-65:46
63            android:name="com.tcn.sdk.springdemo.presentation.MenuSettingsStandJsActivity"
63-->src\main\AndroidManifest.xml:63:13-69
64            android:configChanges="locale|keyboardHidden|orientation"
64-->src\main\AndroidManifest.xml:64:13-70
65            android:launchMode="singleTask" />
65-->src\main\AndroidManifest.xml:65:13-44
66        <activity
66-->src\main\AndroidManifest.xml:67:9-70:46
67            android:name="com.tcn.sdk.springdemo.presentation.MainAct"
67-->src\main\AndroidManifest.xml:68:13-49
68            android:configChanges="locale|keyboardHidden|orientation"
68-->src\main\AndroidManifest.xml:69:13-70
69            android:launchMode="singleTask" />
69-->src\main\AndroidManifest.xml:70:13-44
70        <activity
70-->src\main\AndroidManifest.xml:72:9-76:20
71            android:name="com.tcn.sdk.springdemo.presentation.SerialPortSetting"
71-->src\main\AndroidManifest.xml:74:13-59
72            android:configChanges="locale|keyboardHidden|orientation"
72-->src\main\AndroidManifest.xml:75:13-70
73            android:launchMode="singleTask" >
73-->src\main\AndroidManifest.xml:73:13-44
74        </activity>
75        <activity
75-->src\main\AndroidManifest.xml:78:9-82:20
76            android:name="com.tcn.sdk_auth_lib.floatwindow.FloatActivity"
76-->src\main\AndroidManifest.xml:80:13-74
77            android:configChanges="locale|keyboardHidden|orientation"
77-->src\main\AndroidManifest.xml:81:13-70
78            android:launchMode="singleTask" >
78-->src\main\AndroidManifest.xml:79:13-44
79        </activity>
80
81        <receiver android:name="controller.BootBroadcastReceiver" >
81-->src\main\AndroidManifest.xml:84:9-88:20
81-->src\main\AndroidManifest.xml:84:19-66
82            <intent-filter android:priority="999" >
82-->src\main\AndroidManifest.xml:85:13-87:29
82-->src\main\AndroidManifest.xml:85:28-50
83                <action android:name="android.intent.action.BOOT_COMPLETED" />
83-->src\main\AndroidManifest.xml:86:17-79
83-->src\main\AndroidManifest.xml:86:25-76
84            </intent-filter>
85        </receiver>
86
87        <service android:name="controller.VendService" />
87-->src\main\AndroidManifest.xml:89:9-66
87-->src\main\AndroidManifest.xml:89:18-55
88
89        <meta-data
89-->[com.android.support:design:26.1.0] AndroidManifest.xml:26:9-28:38
90            android:name="android.support.VERSION"
90-->[com.android.support:design:26.1.0] AndroidManifest.xml:27:13-51
91            android:value="26.1.0" />
91-->[com.android.support:design:26.1.0] AndroidManifest.xml:28:13-35
92        <meta-data
92-->[android.arch.lifecycle:runtime:1.0.0] AndroidManifest.xml:25:9-27:47
93            android:name="android.arch.lifecycle.VERSION"
93-->[android.arch.lifecycle:runtime:1.0.0] AndroidManifest.xml:26:13-58
94            android:value="27.0.0-SNAPSHOT" />
94-->[android.arch.lifecycle:runtime:1.0.0] AndroidManifest.xml:27:13-44
95    </application>
96
97</manifest>